#
# There is insufficient memory for the Java Runtime Environment to continue.
# Native memory allocation (mmap) failed to map 65536 bytes for Failed to commit metaspace.
# Possible reasons:
#   The system is out of physical RAM or swap space
#   The process is running with CompressedOops enabled, and the Java Heap may be blocking the growth of the native heap
# Possible solutions:
#   Reduce memory load on the system
#   Increase physical memory or swap space
#   Check if swap backing store is full
#   Decrease Java heap size (-Xmx/-Xms)
#   Decrease number of Java threads
#   Decrease Java thread stack sizes (-Xss)
#   Set larger code cache with -XX:ReservedCodeCacheSize=
#   JVM is running with Unscaled Compressed Oops mode in which the Java heap is
#     placed in the first 4GB address space. The Java Heap base address is the
#     maximum limit for the native heap growth. Please use -XX:HeapBaseMinAddress
#     to set the Java Heap base and to place the Java Heap above 4GB virtual address.
# This output file may be truncated or incomplete.
#
#  Out of Memory Error (virtualSpaceNode.cpp:110), pid=17420, tid=17008
#
# JRE version: Java(TM) SE Runtime Environment (20.0+36) (build 20+36-2344)
# Java VM: Java HotSpot(TM) 64-Bit Server VM (20+36-2344, mixed mode, tiered, compressed oops, compressed class ptrs, g1 gc, windows-amd64)
# No core dump will be written. Minidumps are not enabled by default on client versions of Windows
#

---------------  S U M M A R Y ------------

Command Line: -Dfile.encoding=UTF-8 --module-path=C:\Users\Khushbul\Documents\NetBeansProjects\bank management system Java\build\classes bank.management.system.SignupTwo

Host: Intel(R) Core(TM) i3-4130 CPU @ 3.40GHz, 4 cores, 3G,  Windows 11 , 64 bit Build 22000 (10.0.22000.1516)
Time: Sun Mar 26 03:35:23 2023 Bangladesh Standard Time elapsed time: 0.146798 seconds (0d 0h 0m 0s)

---------------  T H R E A D  ---------------

Current thread (0x000002cc7be3bee0):  JavaThread "main" [_thread_in_vm, id=17008, stack(0x000000f87dd00000,0x000000f87de00000)]

Stack: [0x000000f87dd00000,0x000000f87de00000]
Native frames: (J=compiled Java code, j=interpreted, Vv=VM code, C=native code)
V  [jvm.dll+0x6bb95a]
V  [jvm.dll+0x8483aa]
V  [jvm.dll+0x849fa5]
V  [jvm.dll+0x84a6a3]
V  [jvm.dll+0x280b0f]
V  [jvm.dll+0x8442eb]
V  [jvm.dll+0x65fd86]
V  [jvm.dll+0x65fdea]
V  [jvm.dll+0x6626c3]
V  [jvm.dll+0x66258e]
V  [jvm.dll+0x66079e]
V  [jvm.dll+0x66ae17]
V  [jvm.dll+0x21b442]
V  [jvm.dll+0x21b975]
V  [jvm.dll+0x21c361]
V  [jvm.dll+0x211780]
V  [jvm.dll+0x59c26c]
V  [jvm.dll+0x222d6a]
V  [jvm.dll+0x7c2aa4]
V  [jvm.dll+0x7c3ba9]
V  [jvm.dll+0x7c414f]
V  [jvm.dll+0x7c3df8]
V  [jvm.dll+0x27024b]
V  [jvm.dll+0x27046f]
V  [jvm.dll+0x5bdc98]
V  [jvm.dll+0x5c0bf7]
V  [jvm.dll+0x3dc020]
V  [jvm.dll+0x3db65f]
C  0x000002cc0f54e6d5

Java frames: (J=compiled Java code, j=interpreted, Vv=VM code)
j  java.net.URL.<init>(Ljava/lang/String;Ljava/lang/String;ILjava/lang/String;Ljava/net/URLStreamHandler;)V+373 java.base
j  java.net.URL.<init>(Ljava/lang/String;Ljava/lang/String;ILjava/lang/String;)V+7 java.base
j  java.net.URL.<init>(Ljava/lang/String;Ljava/lang/String;Ljava/lang/String;)V+5 java.base
j  sun.net.www.ParseUtil.fileToEncodedURL(Ljava/io/File;)Ljava/net/URL;+84 java.base
j  jdk.internal.loader.URLClassPath.toFileURL(Ljava/lang/String;)Ljava/net/URL;+13 java.base
j  jdk.internal.loader.URLClassPath.<init>(Ljava/lang/String;Z)V+96 java.base
j  jdk.internal.loader.ClassLoaders.<clinit>()V+144 java.base
v  ~StubRoutines::call_stub 0x000002cc0f52100d
j  jdk.internal.loader.BootLoader.loadModule(Ljava/lang/module/ModuleReference;)V+0 java.base
j  jdk.internal.module.ModuleBootstrap.boot2()Ljava/lang/ModuleLayer;+352 java.base
j  jdk.internal.module.ModuleBootstrap.boot()Ljava/lang/ModuleLayer;+64 java.base
j  java.lang.System.initPhase2(ZZ)I+0 java.base
v  ~StubRoutines::call_stub 0x000002cc0f52100d

---------------  P R O C E S S  ---------------

Threads class SMR info:
_java_thread_list=0x000002cc191c4880, length=9, elements={
0x000002cc7be3bee0, 0x000002cc191c6900, 0x000002cc191c9990, 0x000002cc191cb6e0,
0x000002cc191d0040, 0x000002cc191d0cc0, 0x000002cc191d2740, 0x000002cc191ed220,
0x000002cc191ede90
}

Java Threads: ( => current thread )
=>0x000002cc7be3bee0 JavaThread "main" [_thread_in_vm, id=17008, stack(0x000000f87dd00000,0x000000f87de00000)]
  0x000002cc191c6900 JavaThread "Reference Handler" daemon [_thread_blocked, id=13624, stack(0x000000f87e400000,0x000000f87e500000)]
  0x000002cc191c9990 JavaThread "Finalizer" daemon [_thread_blocked, id=15468, stack(0x000000f87e500000,0x000000f87e600000)]
  0x000002cc191cb6e0 JavaThread "Signal Dispatcher" daemon [_thread_blocked, id=18148, stack(0x000000f87e600000,0x000000f87e700000)]
  0x000002cc191d0040 JavaThread "Attach Listener" daemon [_thread_blocked, id=13860, stack(0x000000f87e700000,0x000000f87e800000)]
  0x000002cc191d0cc0 JavaThread "Service Thread" daemon [_thread_blocked, id=16364, stack(0x000000f87e800000,0x000000f87e900000)]
  0x000002cc191d2740 JavaThread "Monitor Deflation Thread" daemon [_thread_blocked, id=15408, stack(0x000000f87e900000,0x000000f87ea00000)]
  0x000002cc191ed220 JavaThread "C2 CompilerThread0" daemon [_thread_blocked, id=15380, stack(0x000000f87ea00000,0x000000f87eb00000)]
  0x000002cc191ede90 JavaThread "C1 CompilerThread0" daemon [_thread_blocked, id=11176, stack(0x000000f87eb00000,0x000000f87ec00000)]

Other Threads:
  0x000002cc1911ad20 VMThread "VM Thread" [stack: 0x000000f87e300000,0x000000f87e400000] [id=16196]
  0x000002cc7be7ecd0 WorkerThread "GC Thread#0" [stack: 0x000000f87de00000,0x000000f87df00000] [id=344]
  0x000002cc7be87cb0 ConcurrentGCThread "G1 Main Marker" [stack: 0x000000f87df00000,0x000000f87e000000] [id=14584]
  0x000002cc7be88d90 WorkerThread "G1 Conc#0" [stack: 0x000000f87e000000,0x000000f87e100000] [id=17836]
  0x000002cc7bedb590 ConcurrentGCThread "G1 Refine#0" [stack: 0x000000f87e100000,0x000000f87e200000] [id=15028]
  0x000002cc7bedbf40 ConcurrentGCThread "G1 Service" [stack: 0x000000f87e200000,0x000000f87e300000] [id=13408]

Threads with active compile tasks:

VM state: not at safepoint (normal execution)

VM Mutex/Monitor currently owned by a thread:  ([mutex/lock_event])
[0x000002cc7be36c60] Metaspace_lock - owner thread: 0x000002cc7be3bee0

Heap address: 0x00000000c0a00000, size: 1014 MB, Compressed Oops mode: 32-bit

CDS archive(s) not mapped
Compressed class space mapped at: 0x0000000100000000-0x0000000140000000, reserved size: 1073741824
Narrow klass base: 0x0000000000000000, Narrow klass shift: 3, Narrow klass range: 0x140000000

GC Precious Log:
 CardTable entry size: 512
 Card Set container configuration: InlinePtr #cards 5 size 8 Array Of Cards #cards 12 size 40 Howl #buckets 4 coarsen threshold 1843 Howl Bitmap #cards 512 size 80 coarsen threshold 460 Card regions per heap region 1 cards per card region 2048
 CPUs: 4 total, 4 available
 Memory: 4054M
 Large Page Support: Disabled
 NUMA Support: Disabled
 Compressed Oops: Enabled (32-bit)
 Heap Region Size: 1M
 Heap Min Capacity: 8M
 Heap Initial Capacity: 64M
 Heap Max Capacity: 1014M
 Pre-touch: Disabled
 Parallel Workers: 4
 Concurrent Workers: 1
 Concurrent Refinement Workers: 4
 Periodic GC: Disabled

Heap:
 garbage-first heap   total 65536K, used 0K [0x00000000c0a00000, 0x0000000100000000)
  region size 1024K, 1 young (1024K), 0 survivors (0K)
 Metaspace       used 4024K, committed 4032K, reserved 1114112K
  class space    used 312K, committed 320K, reserved 1048576K

Heap Regions: E=young(eden), S=young(survivor), O=old, HS=humongous(starts), HC=humongous(continues), CS=collection set, F=free, OA=open archive, CA=closed archive, TAMS=top-at-mark-start, PB=parsable bottom
|   0|0x00000000c0a00000, 0x00000000c0a00000, 0x00000000c0b00000|  0%| F|  |TAMS 0x00000000c0a00000| PB 0x00000000c0a00000| Untracked 
|   1|0x00000000c0b00000, 0x00000000c0b00000, 0x00000000c0c00000|  0%| F|  |TAMS 0x00000000c0b00000| PB 0x00000000c0b00000| Untracked 
|   2|0x00000000c0c00000, 0x00000000c0c00000, 0x00000000c0d00000|  0%| F|  |TAMS 0x00000000c0c00000| PB 0x00000000c0c00000| Untracked 
|   3|0x00000000c0d00000, 0x00000000c0d00000, 0x00000000c0e00000|  0%| F|  |TAMS 0x00000000c0d00000| PB 0x00000000c0d00000| Untracked 
|   4|0x00000000c0e00000, 0x00000000c0e00000, 0x00000000c0f00000|  0%| F|  |TAMS 0x00000000c0e00000| PB 0x00000000c0e00000| Untracked 
|   5|0x00000000c0f00000, 0x00000000c0f00000, 0x00000000c1000000|  0%| F|  |TAMS 0x00000000c0f00000| PB 0x00000000c0f00000| Untracked 
|   6|0x00000000c1000000, 0x00000000c1000000, 0x00000000c1100000|  0%| F|  |TAMS 0x00000000c1000000| PB 0x00000000c1000000| Untracked 
|   7|0x00000000c1100000, 0x00000000c1100000, 0x00000000c1200000|  0%| F|  |TAMS 0x00000000c1100000| PB 0x00000000c1100000| Untracked 
|   8|0x00000000c1200000, 0x00000000c1200000, 0x00000000c1300000|  0%| F|  |TAMS 0x00000000c1200000| PB 0x00000000c1200000| Untracked 
|   9|0x00000000c1300000, 0x00000000c1300000, 0x00000000c1400000|  0%| F|  |TAMS 0x00000000c1300000| PB 0x00000000c1300000| Untracked 
|  10|0x00000000c1400000, 0x00000000c1400000, 0x00000000c1500000|  0%| F|  |TAMS 0x00000000c1400000| PB 0x00000000c1400000| Untracked 
|  11|0x00000000c1500000, 0x00000000c1500000, 0x00000000c1600000|  0%| F|  |TAMS 0x00000000c1500000| PB 0x00000000c1500000| Untracked 
|  12|0x00000000c1600000, 0x00000000c1600000, 0x00000000c1700000|  0%| F|  |TAMS 0x00000000c1600000| PB 0x00000000c1600000| Untracked 
|  13|0x00000000c1700000, 0x00000000c1700000, 0x00000000c1800000|  0%| F|  |TAMS 0x00000000c1700000| PB 0x00000000c1700000| Untracked 
|  14|0x00000000c1800000, 0x00000000c1800000, 0x00000000c1900000|  0%| F|  |TAMS 0x00000000c1800000| PB 0x00000000c1800000| Untracked 
|  15|0x00000000c1900000, 0x00000000c1900000, 0x00000000c1a00000|  0%| F|  |TAMS 0x00000000c1900000| PB 0x00000000c1900000| Untracked 
|  16|0x00000000c1a00000, 0x00000000c1a00000, 0x00000000c1b00000|  0%| F|  |TAMS 0x00000000c1a00000| PB 0x00000000c1a00000| Untracked 
|  17|0x00000000c1b00000, 0x00000000c1b00000, 0x00000000c1c00000|  0%| F|  |TAMS 0x00000000c1b00000| PB 0x00000000c1b00000| Untracked 
|  18|0x00000000c1c00000, 0x00000000c1c00000, 0x00000000c1d00000|  0%| F|  |TAMS 0x00000000c1c00000| PB 0x00000000c1c00000| Untracked 
|  19|0x00000000c1d00000, 0x00000000c1d00000, 0x00000000c1e00000|  0%| F|  |TAMS 0x00000000c1d00000| PB 0x00000000c1d00000| Untracked 
|  20|0x00000000c1e00000, 0x00000000c1e00000, 0x00000000c1f00000|  0%| F|  |TAMS 0x00000000c1e00000| PB 0x00000000c1e00000| Untracked 
|  21|0x00000000c1f00000, 0x00000000c1f00000, 0x00000000c2000000|  0%| F|  |TAMS 0x00000000c1f00000| PB 0x00000000c1f00000| Untracked 
|  22|0x00000000c2000000, 0x00000000c2000000, 0x00000000c2100000|  0%| F|  |TAMS 0x00000000c2000000| PB 0x00000000c2000000| Untracked 
|  23|0x00000000c2100000, 0x00000000c2100000, 0x00000000c2200000|  0%| F|  |TAMS 0x00000000c2100000| PB 0x00000000c2100000| Untracked 
|  24|0x00000000c2200000, 0x00000000c2200000, 0x00000000c2300000|  0%| F|  |TAMS 0x00000000c2200000| PB 0x00000000c2200000| Untracked 
|  25|0x00000000c2300000, 0x00000000c2300000, 0x00000000c2400000|  0%| F|  |TAMS 0x00000000c2300000| PB 0x00000000c2300000| Untracked 
|  26|0x00000000c2400000, 0x00000000c2400000, 0x00000000c2500000|  0%| F|  |TAMS 0x00000000c2400000| PB 0x00000000c2400000| Untracked 
|  27|0x00000000c2500000, 0x00000000c2500000, 0x00000000c2600000|  0%| F|  |TAMS 0x00000000c2500000| PB 0x00000000c2500000| Untracked 
|  28|0x00000000c2600000, 0x00000000c2600000, 0x00000000c2700000|  0%| F|  |TAMS 0x00000000c2600000| PB 0x00000000c2600000| Untracked 
|  29|0x00000000c2700000, 0x00000000c2700000, 0x00000000c2800000|  0%| F|  |TAMS 0x00000000c2700000| PB 0x00000000c2700000| Untracked 
|  30|0x00000000c2800000, 0x00000000c2800000, 0x00000000c2900000|  0%| F|  |TAMS 0x00000000c2800000| PB 0x00000000c2800000| Untracked 
|  31|0x00000000c2900000, 0x00000000c2900000, 0x00000000c2a00000|  0%| F|  |TAMS 0x00000000c2900000| PB 0x00000000c2900000| Untracked 
|  32|0x00000000c2a00000, 0x00000000c2a00000, 0x00000000c2b00000|  0%| F|  |TAMS 0x00000000c2a00000| PB 0x00000000c2a00000| Untracked 
|  33|0x00000000c2b00000, 0x00000000c2b00000, 0x00000000c2c00000|  0%| F|  |TAMS 0x00000000c2b00000| PB 0x00000000c2b00000| Untracked 
|  34|0x00000000c2c00000, 0x00000000c2c00000, 0x00000000c2d00000|  0%| F|  |TAMS 0x00000000c2c00000| PB 0x00000000c2c00000| Untracked 
|  35|0x00000000c2d00000, 0x00000000c2d00000, 0x00000000c2e00000|  0%| F|  |TAMS 0x00000000c2d00000| PB 0x00000000c2d00000| Untracked 
|  36|0x00000000c2e00000, 0x00000000c2e00000, 0x00000000c2f00000|  0%| F|  |TAMS 0x00000000c2e00000| PB 0x00000000c2e00000| Untracked 
|  37|0x00000000c2f00000, 0x00000000c2f00000, 0x00000000c3000000|  0%| F|  |TAMS 0x00000000c2f00000| PB 0x00000000c2f00000| Untracked 
|  38|0x00000000c3000000, 0x00000000c3000000, 0x00000000c3100000|  0%| F|  |TAMS 0x00000000c3000000| PB 0x00000000c3000000| Untracked 
|  39|0x00000000c3100000, 0x00000000c3100000, 0x00000000c3200000|  0%| F|  |TAMS 0x00000000c3100000| PB 0x00000000c3100000| Untracked 
|  40|0x00000000c3200000, 0x00000000c3200000, 0x00000000c3300000|  0%| F|  |TAMS 0x00000000c3200000| PB 0x00000000c3200000| Untracked 
|  41|0x00000000c3300000, 0x00000000c3300000, 0x00000000c3400000|  0%| F|  |TAMS 0x00000000c3300000| PB 0x00000000c3300000| Untracked 
|  42|0x00000000c3400000, 0x00000000c3400000, 0x00000000c3500000|  0%| F|  |TAMS 0x00000000c3400000| PB 0x00000000c3400000| Untracked 
|  43|0x00000000c3500000, 0x00000000c3500000, 0x00000000c3600000|  0%| F|  |TAMS 0x00000000c3500000| PB 0x00000000c3500000| Untracked 
|  44|0x00000000c3600000, 0x00000000c3600000, 0x00000000c3700000|  0%| F|  |TAMS 0x00000000c3600000| PB 0x00000000c3600000| Untracked 
|  45|0x00000000c3700000, 0x00000000c3700000, 0x00000000c3800000|  0%| F|  |TAMS 0x00000000c3700000| PB 0x00000000c3700000| Untracked 
|  46|0x00000000c3800000, 0x00000000c3800000, 0x00000000c3900000|  0%| F|  |TAMS 0x00000000c3800000| PB 0x00000000c3800000| Untracked 
|  47|0x00000000c3900000, 0x00000000c3900000, 0x00000000c3a00000|  0%| F|  |TAMS 0x00000000c3900000| PB 0x00000000c3900000| Untracked 
|  48|0x00000000c3a00000, 0x00000000c3a00000, 0x00000000c3b00000|  0%| F|  |TAMS 0x00000000c3a00000| PB 0x00000000c3a00000| Untracked 
|  49|0x00000000c3b00000, 0x00000000c3b00000, 0x00000000c3c00000|  0%| F|  |TAMS 0x00000000c3b00000| PB 0x00000000c3b00000| Untracked 
|  50|0x00000000c3c00000, 0x00000000c3c00000, 0x00000000c3d00000|  0%| F|  |TAMS 0x00000000c3c00000| PB 0x00000000c3c00000| Untracked 
|  51|0x00000000c3d00000, 0x00000000c3d00000, 0x00000000c3e00000|  0%| F|  |TAMS 0x00000000c3d00000| PB 0x00000000c3d00000| Untracked 
|  52|0x00000000c3e00000, 0x00000000c3e00000, 0x00000000c3f00000|  0%| F|  |TAMS 0x00000000c3e00000| PB 0x00000000c3e00000| Untracked 
|  53|0x00000000c3f00000, 0x00000000c3f00000, 0x00000000c4000000|  0%| F|  |TAMS 0x00000000c3f00000| PB 0x00000000c3f00000| Untracked 
|  54|0x00000000c4000000, 0x00000000c4000000, 0x00000000c4100000|  0%| F|  |TAMS 0x00000000c4000000| PB 0x00000000c4000000| Untracked 
|  55|0x00000000c4100000, 0x00000000c4100000, 0x00000000c4200000|  0%| F|  |TAMS 0x00000000c4100000| PB 0x00000000c4100000| Untracked 
|  56|0x00000000c4200000, 0x00000000c4200000, 0x00000000c4300000|  0%| F|  |TAMS 0x00000000c4200000| PB 0x00000000c4200000| Untracked 
|  57|0x00000000c4300000, 0x00000000c4300000, 0x00000000c4400000|  0%| F|  |TAMS 0x00000000c4300000| PB 0x00000000c4300000| Untracked 
|  58|0x00000000c4400000, 0x00000000c4400000, 0x00000000c4500000|  0%| F|  |TAMS 0x00000000c4400000| PB 0x00000000c4400000| Untracked 
|  59|0x00000000c4500000, 0x00000000c4500000, 0x00000000c4600000|  0%| F|  |TAMS 0x00000000c4500000| PB 0x00000000c4500000| Untracked 
|  60|0x00000000c4600000, 0x00000000c4600000, 0x00000000c4700000|  0%| F|  |TAMS 0x00000000c4600000| PB 0x00000000c4600000| Untracked 
|  61|0x00000000c4700000, 0x00000000c4700000, 0x00000000c4800000|  0%| F|  |TAMS 0x00000000c4700000| PB 0x00000000c4700000| Untracked 
|  62|0x00000000c4800000, 0x00000000c4800000, 0x00000000c4900000|  0%| F|  |TAMS 0x00000000c4800000| PB 0x00000000c4800000| Untracked 
|  63|0x00000000c4900000, 0x00000000c4a00000, 0x00000000c4a00000|100%| E|  |TAMS 0x00000000c4900000| PB 0x00000000c4900000| Complete 

Card table byte_map: [0x000002cc7df40000,0x000002cc7e140000] _byte_map_base: 0x000002cc7d93b000

Marking Bits: (CMBitMap*) 0x000002cc7be7f210
 Bits: [0x000002cc7e340000, 0x000002cc7f318000)

Polling page: 0x000002cc7bf10000

Metaspace:

Usage:
  Non-class:      3.62 MB used.
      Class:    312.14 KB used.
       Both:      3.93 MB used.

Virtual space:
  Non-class space:       64.00 MB reserved,       3.62 MB (  6%) committed,  1 nodes.
      Class space:        1.00 GB reserved,     320.00 KB ( <1%) committed,  1 nodes.
             Both:        1.06 GB reserved,       3.94 MB ( <1%) committed. 

Chunk freelists:
   Non-Class:  0 bytes
       Class:  3.62 MB
        Both:  3.62 MB

MaxMetaspaceSize: unlimited
CompressedClassSpaceSize: 1.00 GB
Initial GC threshold: 21.00 MB
Current GC threshold: 21.00 MB
CDS: off
MetaspaceReclaimPolicy: balanced
 - commit_granule_bytes: 65536.
 - commit_granule_words: 8192.
 - virtual_space_node_default_size: 8388608.
 - enlarge_chunks_in_place: 1.
 - new_chunks_are_fully_committed: 0.
 - uncommit_free_chunks: 1.
 - use_allocation_guard: 0.


Internal statistics:

num_allocs_failed_limit: 0.
num_arena_births: 2.
num_arena_deaths: 0.
num_vsnodes_births: 2.
num_vsnodes_deaths: 0.
num_space_committed: 63.
num_space_uncommitted: 0.
num_chunks_returned_to_freelist: 0.
num_chunks_taken_from_freelist: 4.
num_chunk_merges: 0.
num_chunk_splits: 1.
num_chunks_enlarged: 0.
num_inconsistent_stats: 0.

CodeHeap 'non-profiled nmethods': size=120000Kb used=3Kb max_used=3Kb free=119996Kb
 bounds [0x000002cc0fac0000, 0x000002cc0fd30000, 0x000002cc16ff0000]
CodeHeap 'profiled nmethods': size=120000Kb used=34Kb max_used=34Kb free=119965Kb
 bounds [0x000002cc07ff0000, 0x000002cc08260000, 0x000002cc0f520000]
CodeHeap 'non-nmethods': size=5760Kb used=1225Kb max_used=1230Kb free=4534Kb
 bounds [0x000002cc0f520000, 0x000002cc0f790000, 0x000002cc0fac0000]
 total_blobs=326 nmethods=29 adapters=208
 compilation: enabled
              stopped_count=0, restarted_count=0
 full_count=0

Compilation events (20 events):
Event: 0.131 Thread 0x000002cc191ede90 nmethod 20 0x000002cc07ff5810 code [0x000002cc07ff59e0, 0x000002cc07ff5ef8]
Event: 0.131 Thread 0x000002cc191ede90   21       3       java.util.Set::of (68 bytes)
Event: 0.132 Thread 0x000002cc191ede90 nmethod 21 0x000002cc07ff6110 code [0x000002cc07ff6340, 0x000002cc07ff6b28]
Event: 0.133 Thread 0x000002cc191ed220 nmethod 16 0x000002cc0fac0310 code [0x000002cc0fac0480, 0x000002cc0fac05f8]
Event: 0.135 Thread 0x000002cc191ede90   22       3       java.lang.String::coder (15 bytes)
Event: 0.135 Thread 0x000002cc191ede90 nmethod 22 0x000002cc07ff6e10 code [0x000002cc07ff6fa0, 0x000002cc07ff70d8]
Event: 0.135 Thread 0x000002cc191ede90   23       3       java.lang.String::length (11 bytes)
Event: 0.135 Thread 0x000002cc191ede90 nmethod 23 0x000002cc07ff7190 code [0x000002cc07ff7320, 0x000002cc07ff74c0]
Event: 0.135 Thread 0x000002cc191ede90   24       1       java.lang.module.ModuleDescriptor::name (5 bytes)
Event: 0.135 Thread 0x000002cc191ede90 nmethod 24 0x000002cc0fac0710 code [0x000002cc0fac0880, 0x000002cc0fac0948]
Event: 0.135 Thread 0x000002cc191ede90   25       1       java.lang.module.ModuleReference::descriptor (5 bytes)
Event: 0.135 Thread 0x000002cc191ede90 nmethod 25 0x000002cc0fac0a10 code [0x000002cc0fac0b80, 0x000002cc0fac0c48]
Event: 0.135 Thread 0x000002cc191ede90   26       3       java.lang.StringLatin1::indexOfChar (33 bytes)
Event: 0.135 Thread 0x000002cc191ede90 nmethod 26 0x000002cc07ff7590 code [0x000002cc07ff7720, 0x000002cc07ff7958]
Event: 0.135 Thread 0x000002cc191ede90   27       3       java.net.URI::hash (33 bytes)
Event: 0.136 Thread 0x000002cc191ede90 nmethod 27 0x000002cc07ff7a90 code [0x000002cc07ff7c80, 0x000002cc07ff8118]
Event: 0.137 Thread 0x000002cc191ede90   28       3       java.util.HashMap::hash (20 bytes)
Event: 0.137 Thread 0x000002cc191ede90 nmethod 28 0x000002cc07ff8310 code [0x000002cc07ff84a0, 0x000002cc07ff86a0]
Event: 0.139 Thread 0x000002cc191ede90   29       3       java.lang.String::isEmpty (14 bytes)
Event: 0.139 Thread 0x000002cc191ede90 nmethod 29 0x000002cc07ff8790 code [0x000002cc07ff8920, 0x000002cc07ff8a98]

GC Heap History (0 events):
No events

Dll operation events (2 events):
Event: 0.008 Loaded shared library C:\Program Files\Java\jdk-20\bin\java.dll
Event: 0.057 Loaded shared library C:\Program Files\Java\jdk-20\bin\jsvml.dll

Deoptimization events (0 events):
No events

Classes loaded (20 events):
Event: 0.139 Loading class jdk/internal/loader/URLClassPath done
Event: 0.140 Loading class java/net/URL$DefaultFactory
Event: 0.140 Loading class java/net/URLStreamHandlerFactory
Event: 0.140 Loading class java/net/URLStreamHandlerFactory done
Event: 0.140 Loading class java/net/URL$DefaultFactory done
Event: 0.140 Loading class java/net/URL$3
Event: 0.140 Loading class jdk/internal/access/JavaNetURLAccess
Event: 0.140 Loading class jdk/internal/access/JavaNetURLAccess done
Event: 0.140 Loading class java/net/URL$3 done
Event: 0.140 Loading class java/io/File$PathStatus
Event: 0.140 Loading class java/io/File$PathStatus done
Event: 0.141 Loading class sun/net/www/ParseUtil
Event: 0.141 Loading class sun/net/www/ParseUtil done
Event: 0.141 Loading class java/util/HexFormat
Event: 0.141 Loading class java/util/HexFormat done
Event: 0.141 Loading class sun/net/www/protocol/file/Handler
Event: 0.142 Loading class java/net/URLStreamHandler
Event: 0.142 Loading class java/net/URLStreamHandler done
Event: 0.142 Loading class sun/net/www/protocol/file/Handler done
Event: 0.142 Loading class sun/net/util/IPAddressUtil

Classes unloaded (0 events):
No events

Classes redefined (0 events):
No events

Internal exceptions (0 events):
No events

VM Operations (0 events):
No events

Events (9 events):
Event: 0.057 Thread 0x000002cc7be3bee0 Thread added: 0x000002cc7be3bee0
Event: 0.097 Thread 0x000002cc191c6900 Thread added: 0x000002cc191c6900
Event: 0.097 Thread 0x000002cc191c9990 Thread added: 0x000002cc191c9990
Event: 0.099 Thread 0x000002cc191cb6e0 Thread added: 0x000002cc191cb6e0
Event: 0.099 Thread 0x000002cc191d0040 Thread added: 0x000002cc191d0040
Event: 0.100 Thread 0x000002cc191d0cc0 Thread added: 0x000002cc191d0cc0
Event: 0.100 Thread 0x000002cc191d2740 Thread added: 0x000002cc191d2740
Event: 0.100 Thread 0x000002cc191ed220 Thread added: 0x000002cc191ed220
Event: 0.100 Thread 0x000002cc191ede90 Thread added: 0x000002cc191ede90


Dynamic libraries:
0x00007ff778450000 - 0x00007ff778460000 	C:\Program Files\Java\jdk-20\bin\java.exe
0x00007ffb85440000 - 0x00007ffb85649000 	C:\Windows\SYSTEM32\ntdll.dll
0x00007ffb84110000 - 0x00007ffb841ce000 	C:\Windows\System32\KERNEL32.DLL
0x00007ffb82b60000 - 0x00007ffb82edc000 	C:\Windows\System32\KERNELBASE.dll
0x00007ffb82fb0000 - 0x00007ffb830c1000 	C:\Windows\System32\ucrtbase.dll
0x00007ffb6f690000 - 0x00007ffb6f6ab000 	C:\Program Files\Java\jdk-20\bin\VCRUNTIME140.dll
0x00007ffb6e8c0000 - 0x00007ffb6e8d9000 	C:\Program Files\Java\jdk-20\bin\jli.dll
0x00007ffb844a0000 - 0x00007ffb8454e000 	C:\Windows\System32\ADVAPI32.dll
0x00007ffb852d0000 - 0x00007ffb85373000 	C:\Windows\System32\msvcrt.dll
0x00007ffb84400000 - 0x00007ffb8449e000 	C:\Windows\System32\sechost.dll
0x00007ffb85020000 - 0x00007ffb85140000 	C:\Windows\System32\RPCRT4.dll
0x00007ffb838e0000 - 0x00007ffb83a8d000 	C:\Windows\System32\USER32.dll
0x00007ffb82ee0000 - 0x00007ffb82f06000 	C:\Windows\System32\win32u.dll
0x00007ffb852a0000 - 0x00007ffb852c9000 	C:\Windows\System32\GDI32.dll
0x00007ffb7b6c0000 - 0x00007ffb7b965000 	C:\Windows\WinSxS\amd64_microsoft.windows.common-controls_6595b64144ccf1df_6.0.22000.120_none_9d947278b86cc467\COMCTL32.dll
0x00007ffb82910000 - 0x00007ffb82a28000 	C:\Windows\System32\gdi32full.dll
0x00007ffb82f10000 - 0x00007ffb82fad000 	C:\Windows\System32\msvcp_win.dll
0x00007ffb7bab0000 - 0x00007ffb7baba000 	C:\Windows\SYSTEM32\VERSION.dll
0x00007ffb83c00000 - 0x00007ffb83c31000 	C:\Windows\System32\IMM32.DLL
0x00007ffb760c0000 - 0x00007ffb760cc000 	C:\Program Files\Java\jdk-20\bin\vcruntime140_1.dll
0x00007ffb6ecc0000 - 0x00007ffb6ed4e000 	C:\Program Files\Java\jdk-20\bin\msvcp140.dll
0x00007ffb3d7e0000 - 0x00007ffb3e477000 	C:\Program Files\Java\jdk-20\bin\server\jvm.dll
0x00007ffb7ba30000 - 0x00007ffb7ba63000 	C:\Windows\SYSTEM32\WINMM.dll
0x00007ffb760d0000 - 0x00007ffb760d9000 	C:\Windows\SYSTEM32\WSOCK32.dll
0x00007ffb84640000 - 0x00007ffb846af000 	C:\Windows\System32\WS2_32.dll
0x00007ffb81990000 - 0x00007ffb819a8000 	C:\Windows\SYSTEM32\kernel.appcore.dll
0x00007ffb75530000 - 0x00007ffb7553a000 	C:\Program Files\Java\jdk-20\bin\jimage.dll
0x00007ffb741c0000 - 0x00007ffb743e1000 	C:\Windows\SYSTEM32\DBGHELP.DLL
0x00007ffb73bd0000 - 0x00007ffb73c01000 	C:\Windows\SYSTEM32\dbgcore.DLL
0x00007ffb830d0000 - 0x00007ffb8314f000 	C:\Windows\System32\bcryptPrimitives.dll
0x00007ffb6ee70000 - 0x00007ffb6ee96000 	C:\Program Files\Java\jdk-20\bin\java.dll
0x00007ffb6ed90000 - 0x00007ffb6ee67000 	C:\Program Files\Java\jdk-20\bin\jsvml.dll
0x00007ffb846b0000 - 0x00007ffb84e75000 	C:\Windows\System32\SHELL32.dll
0x00007ffb80a00000 - 0x00007ffb81265000 	C:\Windows\SYSTEM32\windows.storage.dll
0x00007ffb83330000 - 0x00007ffb836a6000 	C:\Windows\System32\combase.dll
0x00007ffb80890000 - 0x00007ffb809f6000 	C:\Windows\SYSTEM32\wintypes.dll
0x00007ffb83af0000 - 0x00007ffb83bda000 	C:\Windows\System32\SHCORE.dll
0x00007ffb836b0000 - 0x00007ffb8370d000 	C:\Windows\System32\shlwapi.dll
0x00007ffb82840000 - 0x00007ffb82861000 	C:\Windows\SYSTEM32\profapi.dll

dbghelp: loaded successfully - version: 4.0.5 - missing functions: none
symbol engine: initialized successfully - sym options: 0x614 - pdb path: .;C:\Program Files\Java\jdk-20\bin;C:\Windows\SYSTEM32;C:\Windows\WinSxS\amd64_microsoft.windows.common-controls_6595b64144ccf1df_6.0.22000.120_none_9d947278b86cc467;C:\Program Files\Java\jdk-20\bin\server

VM Arguments:
jvm_args: -Dfile.encoding=UTF-8 --module-path=C:\Users\Khushbul\Documents\NetBeansProjects\bank management system Java\build\classes 
java_command: bank.management.system.SignupTwo
java_class_path (initial): C:\Users\Khushbul\Documents\NetBeansProjects\bank management system Java\Files\jcalendar-tz-1.3.3-4.jar;C:\Users\Khushbul\Documents\NetBeansProjects\bank management system Java\Files\mysql-connector-java-8.0.28.jar;C:\Users\Khushbul\Documents\NetBeansProjects\bank management system Java\build\classes
Launcher Type: SUN_STANDARD

[Global flags]
     intx CICompilerCount                          = 3                                         {product} {ergonomic}
     uint ConcGCThreads                            = 1                                         {product} {ergonomic}
     uint G1ConcRefinementThreads                  = 4                                         {product} {ergonomic}
   size_t G1HeapRegionSize                         = 1048576                                   {product} {ergonomic}
    uintx GCDrainStackTargetSize                   = 64                                        {product} {ergonomic}
   size_t InitialHeapSize                          = 67108864                                  {product} {ergonomic}
   size_t MarkStackSize                            = 4194304                                   {product} {ergonomic}
   size_t MaxHeapSize                              = 1063256064                                {product} {ergonomic}
   size_t MaxNewSize                               = 637534208                                 {product} {ergonomic}
   size_t MinHeapDeltaBytes                        = 1048576                                   {product} {ergonomic}
   size_t MinHeapSize                              = 8388608                                   {product} {ergonomic}
    uintx NonNMethodCodeHeapSize                   = 5832780                                {pd product} {ergonomic}
    uintx NonProfiledCodeHeapSize                  = 122912730                              {pd product} {ergonomic}
    uintx ProfiledCodeHeapSize                     = 122912730                              {pd product} {ergonomic}
    uintx ReservedCodeCacheSize                    = 251658240                              {pd product} {ergonomic}
     bool SegmentedCodeCache                       = true                                      {product} {ergonomic}
   size_t SoftMaxHeapSize                          = 1063256064                             {manageable} {ergonomic}
     bool UseCompressedClassPointers               = true                           {product lp64_product} {ergonomic}
     bool UseCompressedOops                        = true                           {product lp64_product} {ergonomic}
     bool UseG1GC                                  = true                                      {product} {ergonomic}
     bool UseLargePagesIndividualAllocation        = false                                  {pd product} {ergonomic}

Logging:
Log output configuration:
 #0: stdout all=warning uptime,level,tags foldmultilines=false
 #1: stderr all=off uptime,level,tags foldmultilines=false

Environment Variables:
PATH=C:\Program Files\Common Files\Oracle\Java\javapath;C:\Program Files (x86)\NVIDIA Corporation\PhysX\Common;C:\Program Files (x86)\Common Files\Oracle\Java\javapath;C:\ProgramData\Oracle\Java\javapath;C:\Windows\system32;C:\Windows;C:\Windows\System32\Wbem;C:\Windows\System32\WindowsPowerShell\v1.0\;C:\Windows\System32\OpenSSH\;C:\Users\Khushbul\AppData\Local\Microsoft\WindowsApps;C:\adb;C:\Program Files\Java\jdk-20\bin;C:\Program Files\MySQL\MySQL Shell 8.0\bin\;C:\Users\Khushbul\AppData\Local\Microsoft\WindowsApps;
USERNAME=Khushbul
OS=Windows_NT
PROCESSOR_IDENTIFIER=Intel64 Family 6 Model 60 Stepping 3, GenuineIntel
TMP=C:\Users\Khushbul\AppData\Local\Temp
TEMP=C:\Users\Khushbul\AppData\Local\Temp




---------------  S Y S T E M  ---------------

OS:
 Windows 11 , 64 bit Build 22000 (10.0.22000.1516)
OS uptime: 0 days 4:58 hours

CPU: total 4 (initial active 4) (2 cores per cpu, 2 threads per core) family 6 model 60 stepping 3 microcode 0x28, cx8, cmov, fxsr, ht, mmx, sse, sse2, sse3, ssse3, sse4.1, sse4.2, popcnt, lzcnt, tsc, tscinvbit, avx, avx2, aes, erms, clmul, bmi1, bmi2, fma, vzeroupper, clflush, rdtscp, f16c

Memory: 4k page, system-wide physical 4054M (374M free)
TotalPageFile size 16342M (AvailPageFile size 4M)
current process WorkingSet (physical memory assigned to process): 25M, peak: 25M
current process commit charge ("private bytes"): 125M, peak: 129M

vm_info: Java HotSpot(TM) 64-Bit Server VM (20+36-2344) for windows-amd64 JRE (20+36-2344), built on 2023-02-10T19:30:15Z by "mach5one" with MS VC++ 17.1 (VS2022)

END.
