#
# There is insufficient memory for the Java Runtime Environment to continue.
# Native memory allocation (mmap) failed to map 65536 bytes for Failed to commit metaspace.
# Possible reasons:
#   The system is out of physical RAM or swap space
#   The process is running with CompressedOops enabled, and the Java Heap may be blocking the growth of the native heap
# Possible solutions:
#   Reduce memory load on the system
#   Increase physical memory or swap space
#   Check if swap backing store is full
#   Decrease Java heap size (-Xmx/-Xms)
#   Decrease number of Java threads
#   Decrease Java thread stack sizes (-Xss)
#   Set larger code cache with -XX:ReservedCodeCacheSize=
#   JVM is running with Unscaled Compressed Oops mode in which the Java heap is
#     placed in the first 4GB address space. The Java Heap base address is the
#     maximum limit for the native heap growth. Please use -XX:HeapBaseMinAddress
#     to set the Java Heap base and to place the Java Heap above 4GB virtual address.
# This output file may be truncated or incomplete.
#
#  Out of Memory Error (virtualSpaceNode.cpp:110), pid=17756, tid=18328
#
# JRE version: Java(TM) SE Runtime Environment (20.0+36) (build 20+36-2344)
# Java VM: Java HotSpot(TM) 64-Bit Server VM (20+36-2344, mixed mode, sharing, tiered, compressed oops, compressed class ptrs, g1 gc, windows-amd64)
# No core dump will be written. Minidumps are not enabled by default on client versions of Windows
#

---------------  S U M M A R Y ------------

Command Line: -Dfile.encoding=UTF-8 --module-path=C:\Users\Khushbul\Documents\NetBeansProjects\bank management system Java\build\classes bank.management.system.SignupOne

Host: Intel(R) Core(TM) i3-4130 CPU @ 3.40GHz, 4 cores, 3G,  Windows 11 , 64 bit Build 22000 (10.0.22000.1516)
Time: Sat Mar 25 21:29:27 2023 Bangladesh Standard Time elapsed time: 0.095951 seconds (0d 0h 0m 0s)

---------------  T H R E A D  ---------------

Current thread (0x000002216677c1b0):  JavaThread "main" [_thread_in_vm, id=18328, stack(0x0000007ec1900000,0x0000007ec1a00000)]

Stack: [0x0000007ec1900000,0x0000007ec1a00000]
Native frames: (J=compiled Java code, j=interpreted, Vv=VM code, C=native code)
V  [jvm.dll+0x6bb95a]
V  [jvm.dll+0x8483aa]
V  [jvm.dll+0x849fa5]
V  [jvm.dll+0x84a6a3]
V  [jvm.dll+0x280b0f]
V  [jvm.dll+0x8442eb]
V  [jvm.dll+0x65fd86]
V  [jvm.dll+0x65fdea]
V  [jvm.dll+0x6626c3]
V  [jvm.dll+0x66258e]
V  [jvm.dll+0x66079e]
V  [jvm.dll+0x26c66f]
V  [jvm.dll+0x66add5]
V  [jvm.dll+0x21b442]
V  [jvm.dll+0x21b975]
V  [jvm.dll+0x21c361]
V  [jvm.dll+0x211780]
V  [jvm.dll+0x59c26c]
V  [jvm.dll+0x222d6a]
V  [jvm.dll+0x7c2aa4]
V  [jvm.dll+0x7c3ba9]
V  [jvm.dll+0x7c414f]
V  [jvm.dll+0x472b06]
C  [java.dll+0x1a55]

Java frames: (J=compiled Java code, j=interpreted, Vv=VM code)
j  java.lang.ClassLoader.findBootstrapClass(Ljava/lang/String;)Ljava/lang/Class;+0 java.base@20
j  java.lang.ClassLoader.findBootstrapClassOrNull(Ljava/lang/String;)Ljava/lang/Class;+10 java.base@20
j  java.lang.System$2.findBootstrapClassOrNull(Ljava/lang/String;)Ljava/lang/Class;+1 java.base@20
j  jdk.internal.loader.ClassLoaders$BootClassLoader.loadClassOrNull(Ljava/lang/String;Z)Ljava/lang/Class;+4 java.base@20
j  jdk.internal.loader.BuiltinClassLoader.loadClassOrNull(Ljava/lang/String;)Ljava/lang/Class;+3 java.base@20
j  jdk.internal.loader.BuiltinClassLoader.loadClassOrNull(Ljava/lang/String;Z)Ljava/lang/Class;+66 java.base@20
j  jdk.internal.loader.BuiltinClassLoader.loadClass(Ljava/lang/String;Z)Ljava/lang/Class;+3 java.base@20
j  jdk.internal.loader.ClassLoaders$AppClassLoader.loadClass(Ljava/lang/String;Z)Ljava/lang/Class;+36 java.base@20
j  java.lang.ClassLoader.loadClass(Ljava/lang/String;)Ljava/lang/Class;+3 java.base@20
v  ~StubRoutines::call_stub 0x000002217755100d
j  java.lang.ClassLoader.defineClass1(Ljava/lang/ClassLoader;Ljava/lang/String;[BIILjava/security/ProtectionDomain;Ljava/lang/String;)Ljava/lang/Class;+0 java.base@20
j  java.lang.ClassLoader.defineClass(Ljava/lang/String;[BIILjava/security/ProtectionDomain;)Ljava/lang/Class;+27 java.base@20
j  java.security.SecureClassLoader.defineClass(Ljava/lang/String;[BIILjava/security/CodeSource;)Ljava/lang/Class;+12 java.base@20
j  jdk.internal.loader.BuiltinClassLoader.defineClass(Ljava/lang/String;Ljdk/internal/loader/Resource;)Ljava/lang/Class;+117 java.base@20
j  jdk.internal.loader.BuiltinClassLoader.findClassOnClassPathOrNull(Ljava/lang/String;)Ljava/lang/Class;+37 java.base@20
j  jdk.internal.loader.BuiltinClassLoader.loadClassOrNull(Ljava/lang/String;Z)Ljava/lang/Class;+111 java.base@20
j  jdk.internal.loader.BuiltinClassLoader.loadClass(Ljava/lang/String;Z)Ljava/lang/Class;+3 java.base@20
j  jdk.internal.loader.ClassLoaders$AppClassLoader.loadClass(Ljava/lang/String;Z)Ljava/lang/Class;+36 java.base@20
j  java.lang.ClassLoader.loadClass(Ljava/lang/String;)Ljava/lang/Class;+3 java.base@20
v  ~StubRoutines::call_stub 0x000002217755100d
j  java.lang.Class.forName0(Ljava/lang/String;ZLjava/lang/ClassLoader;Ljava/lang/Class;)Ljava/lang/Class;+0 java.base@20
j  java.lang.Class.forName(Ljava/lang/String;ZLjava/lang/ClassLoader;Ljava/lang/Class;)Ljava/lang/Class;+37 java.base@20
j  java.lang.Class.forName(Ljava/lang/String;ZLjava/lang/ClassLoader;)Ljava/lang/Class;+20 java.base@20
j  sun.launcher.LauncherHelper.loadMainClass(ILjava/lang/String;)Ljava/lang/Class;+95 java.base@20
j  sun.launcher.LauncherHelper.checkAndLoadMain(ZILjava/lang/String;)Ljava/lang/Class;+42 java.base@20
v  ~StubRoutines::call_stub 0x000002217755100d

---------------  P R O C E S S  ---------------

Threads class SMR info:
_java_thread_list=0x0000022107501a50, length=11, elements={
0x000002216677c1b0, 0x000002210325dbd0, 0x000002210325e7b0, 0x00000221032656f0,
0x0000022103266030, 0x0000022103266970, 0x000002210326a7b0, 0x000002210326c430,
0x0000022103276dd0, 0x0000022103228db0, 0x0000022107531a60
}

Java Threads: ( => current thread )
=>0x000002216677c1b0 JavaThread "main" [_thread_in_vm, id=18328, stack(0x0000007ec1900000,0x0000007ec1a00000)]
  0x000002210325dbd0 JavaThread "Reference Handler" daemon [_thread_blocked, id=16356, stack(0x0000007ec2000000,0x0000007ec2100000)]
  0x000002210325e7b0 JavaThread "Finalizer" daemon [_thread_blocked, id=18284, stack(0x0000007ec2100000,0x0000007ec2200000)]
  0x00000221032656f0 JavaThread "Signal Dispatcher" daemon [_thread_blocked, id=18380, stack(0x0000007ec2200000,0x0000007ec2300000)]
  0x0000022103266030 JavaThread "Attach Listener" daemon [_thread_blocked, id=17516, stack(0x0000007ec2300000,0x0000007ec2400000)]
  0x0000022103266970 JavaThread "Service Thread" daemon [_thread_blocked, id=10036, stack(0x0000007ec2400000,0x0000007ec2500000)]
  0x000002210326a7b0 JavaThread "Monitor Deflation Thread" daemon [_thread_blocked, id=18108, stack(0x0000007ec2500000,0x0000007ec2600000)]
  0x000002210326c430 JavaThread "C2 CompilerThread0" daemon [_thread_blocked, id=14340, stack(0x0000007ec2600000,0x0000007ec2700000)]
  0x0000022103276dd0 JavaThread "C1 CompilerThread0" daemon [_thread_blocked, id=11736, stack(0x0000007ec2700000,0x0000007ec2800000)]
  0x0000022103228db0 JavaThread "Common-Cleaner" daemon [_thread_blocked, id=16288, stack(0x0000007ec2800000,0x0000007ec2900000)]
  0x0000022107531a60 JavaThread "Notification Thread" daemon [_thread_blocked, id=6976, stack(0x0000007ec2900000,0x0000007ec2a00000)]

Other Threads:
  0x00000221032404f0 VMThread "VM Thread" [stack: 0x0000007ec1f00000,0x0000007ec2000000] [id=17660]
  0x00000221667bcd50 WorkerThread "GC Thread#0" [stack: 0x0000007ec1a00000,0x0000007ec1b00000] [id=11256]
  0x00000221667c5e20 ConcurrentGCThread "G1 Main Marker" [stack: 0x0000007ec1b00000,0x0000007ec1c00000] [id=10792]
  0x00000221667c6ff0 WorkerThread "G1 Conc#0" [stack: 0x0000007ec1c00000,0x0000007ec1d00000] [id=13496]
  0x0000022166848000 ConcurrentGCThread "G1 Refine#0" [stack: 0x0000007ec1d00000,0x0000007ec1e00000] [id=1608]
  0x00000221031010a0 ConcurrentGCThread "G1 Service" [stack: 0x0000007ec1e00000,0x0000007ec1f00000] [id=17356]

Threads with active compile tasks:

VM state: not at safepoint (normal execution)

VM Mutex/Monitor currently owned by a thread:  ([mutex/lock_event])
[0x0000022166775cc0] Metaspace_lock - owner thread: 0x000002216677c1b0

Heap address: 0x00000000c0a00000, size: 1014 MB, Compressed Oops mode: 32-bit

CDS archive(s) mapped at: [0x0000000800000000-0x0000000800c60000-0x0000000800c60000), size 12976128, SharedBaseAddress: 0x0000000800000000, ArchiveRelocationMode: 0.
Compressed class space mapped at: 0x0000000801000000-0x0000000841000000, reserved size: 1073741824
Narrow klass base: 0x0000000800000000, Narrow klass shift: 0, Narrow klass range: 0x100000000

GC Precious Log:
 CardTable entry size: 512
 Card Set container configuration: InlinePtr #cards 5 size 8 Array Of Cards #cards 12 size 40 Howl #buckets 4 coarsen threshold 1843 Howl Bitmap #cards 512 size 80 coarsen threshold 460 Card regions per heap region 1 cards per card region 2048
 CPUs: 4 total, 4 available
 Memory: 4054M
 Large Page Support: Disabled
 NUMA Support: Disabled
 Compressed Oops: Enabled (32-bit)
 Heap Region Size: 1M
 Heap Min Capacity: 8M
 Heap Initial Capacity: 64M
 Heap Max Capacity: 1014M
 Pre-touch: Disabled
 Parallel Workers: 4
 Concurrent Workers: 1
 Concurrent Refinement Workers: 4
 Periodic GC: Disabled

Heap:
 garbage-first heap   total 65536K, used 2048K [0x00000000c0a00000, 0x0000000100000000)
  region size 1024K, 3 young (3072K), 0 survivors (0K)
 Metaspace       used 348K, committed 512K, reserved 1114112K
  class space    used 25K, committed 128K, reserved 1048576K

Heap Regions: E=young(eden), S=young(survivor), O=old, HS=humongous(starts), HC=humongous(continues), CS=collection set, F=free, OA=open archive, CA=closed archive, TAMS=top-at-mark-start, PB=parsable bottom
|   0|0x00000000c0a00000, 0x00000000c0a00000, 0x00000000c0b00000|  0%| F|  |TAMS 0x00000000c0a00000| PB 0x00000000c0a00000| Untracked 
|   1|0x00000000c0b00000, 0x00000000c0b00000, 0x00000000c0c00000|  0%| F|  |TAMS 0x00000000c0b00000| PB 0x00000000c0b00000| Untracked 
|   2|0x00000000c0c00000, 0x00000000c0c00000, 0x00000000c0d00000|  0%| F|  |TAMS 0x00000000c0c00000| PB 0x00000000c0c00000| Untracked 
|   3|0x00000000c0d00000, 0x00000000c0d00000, 0x00000000c0e00000|  0%| F|  |TAMS 0x00000000c0d00000| PB 0x00000000c0d00000| Untracked 
|   4|0x00000000c0e00000, 0x00000000c0e00000, 0x00000000c0f00000|  0%| F|  |TAMS 0x00000000c0e00000| PB 0x00000000c0e00000| Untracked 
|   5|0x00000000c0f00000, 0x00000000c0f00000, 0x00000000c1000000|  0%| F|  |TAMS 0x00000000c0f00000| PB 0x00000000c0f00000| Untracked 
|   6|0x00000000c1000000, 0x00000000c1000000, 0x00000000c1100000|  0%| F|  |TAMS 0x00000000c1000000| PB 0x00000000c1000000| Untracked 
|   7|0x00000000c1100000, 0x00000000c1100000, 0x00000000c1200000|  0%| F|  |TAMS 0x00000000c1100000| PB 0x00000000c1100000| Untracked 
|   8|0x00000000c1200000, 0x00000000c1200000, 0x00000000c1300000|  0%| F|  |TAMS 0x00000000c1200000| PB 0x00000000c1200000| Untracked 
|   9|0x00000000c1300000, 0x00000000c1300000, 0x00000000c1400000|  0%| F|  |TAMS 0x00000000c1300000| PB 0x00000000c1300000| Untracked 
|  10|0x00000000c1400000, 0x00000000c1400000, 0x00000000c1500000|  0%| F|  |TAMS 0x00000000c1400000| PB 0x00000000c1400000| Untracked 
|  11|0x00000000c1500000, 0x00000000c1500000, 0x00000000c1600000|  0%| F|  |TAMS 0x00000000c1500000| PB 0x00000000c1500000| Untracked 
|  12|0x00000000c1600000, 0x00000000c1600000, 0x00000000c1700000|  0%| F|  |TAMS 0x00000000c1600000| PB 0x00000000c1600000| Untracked 
|  13|0x00000000c1700000, 0x00000000c1700000, 0x00000000c1800000|  0%| F|  |TAMS 0x00000000c1700000| PB 0x00000000c1700000| Untracked 
|  14|0x00000000c1800000, 0x00000000c1800000, 0x00000000c1900000|  0%| F|  |TAMS 0x00000000c1800000| PB 0x00000000c1800000| Untracked 
|  15|0x00000000c1900000, 0x00000000c1900000, 0x00000000c1a00000|  0%| F|  |TAMS 0x00000000c1900000| PB 0x00000000c1900000| Untracked 
|  16|0x00000000c1a00000, 0x00000000c1a00000, 0x00000000c1b00000|  0%| F|  |TAMS 0x00000000c1a00000| PB 0x00000000c1a00000| Untracked 
|  17|0x00000000c1b00000, 0x00000000c1b00000, 0x00000000c1c00000|  0%| F|  |TAMS 0x00000000c1b00000| PB 0x00000000c1b00000| Untracked 
|  18|0x00000000c1c00000, 0x00000000c1c00000, 0x00000000c1d00000|  0%| F|  |TAMS 0x00000000c1c00000| PB 0x00000000c1c00000| Untracked 
|  19|0x00000000c1d00000, 0x00000000c1d00000, 0x00000000c1e00000|  0%| F|  |TAMS 0x00000000c1d00000| PB 0x00000000c1d00000| Untracked 
|  20|0x00000000c1e00000, 0x00000000c1e00000, 0x00000000c1f00000|  0%| F|  |TAMS 0x00000000c1e00000| PB 0x00000000c1e00000| Untracked 
|  21|0x00000000c1f00000, 0x00000000c1f00000, 0x00000000c2000000|  0%| F|  |TAMS 0x00000000c1f00000| PB 0x00000000c1f00000| Untracked 
|  22|0x00000000c2000000, 0x00000000c2000000, 0x00000000c2100000|  0%| F|  |TAMS 0x00000000c2000000| PB 0x00000000c2000000| Untracked 
|  23|0x00000000c2100000, 0x00000000c2100000, 0x00000000c2200000|  0%| F|  |TAMS 0x00000000c2100000| PB 0x00000000c2100000| Untracked 
|  24|0x00000000c2200000, 0x00000000c2200000, 0x00000000c2300000|  0%| F|  |TAMS 0x00000000c2200000| PB 0x00000000c2200000| Untracked 
|  25|0x00000000c2300000, 0x00000000c2300000, 0x00000000c2400000|  0%| F|  |TAMS 0x00000000c2300000| PB 0x00000000c2300000| Untracked 
|  26|0x00000000c2400000, 0x00000000c2400000, 0x00000000c2500000|  0%| F|  |TAMS 0x00000000c2400000| PB 0x00000000c2400000| Untracked 
|  27|0x00000000c2500000, 0x00000000c2500000, 0x00000000c2600000|  0%| F|  |TAMS 0x00000000c2500000| PB 0x00000000c2500000| Untracked 
|  28|0x00000000c2600000, 0x00000000c2600000, 0x00000000c2700000|  0%| F|  |TAMS 0x00000000c2600000| PB 0x00000000c2600000| Untracked 
|  29|0x00000000c2700000, 0x00000000c2700000, 0x00000000c2800000|  0%| F|  |TAMS 0x00000000c2700000| PB 0x00000000c2700000| Untracked 
|  30|0x00000000c2800000, 0x00000000c2800000, 0x00000000c2900000|  0%| F|  |TAMS 0x00000000c2800000| PB 0x00000000c2800000| Untracked 
|  31|0x00000000c2900000, 0x00000000c2900000, 0x00000000c2a00000|  0%| F|  |TAMS 0x00000000c2900000| PB 0x00000000c2900000| Untracked 
|  32|0x00000000c2a00000, 0x00000000c2a00000, 0x00000000c2b00000|  0%| F|  |TAMS 0x00000000c2a00000| PB 0x00000000c2a00000| Untracked 
|  33|0x00000000c2b00000, 0x00000000c2b00000, 0x00000000c2c00000|  0%| F|  |TAMS 0x00000000c2b00000| PB 0x00000000c2b00000| Untracked 
|  34|0x00000000c2c00000, 0x00000000c2c00000, 0x00000000c2d00000|  0%| F|  |TAMS 0x00000000c2c00000| PB 0x00000000c2c00000| Untracked 
|  35|0x00000000c2d00000, 0x00000000c2d00000, 0x00000000c2e00000|  0%| F|  |TAMS 0x00000000c2d00000| PB 0x00000000c2d00000| Untracked 
|  36|0x00000000c2e00000, 0x00000000c2e00000, 0x00000000c2f00000|  0%| F|  |TAMS 0x00000000c2e00000| PB 0x00000000c2e00000| Untracked 
|  37|0x00000000c2f00000, 0x00000000c2f00000, 0x00000000c3000000|  0%| F|  |TAMS 0x00000000c2f00000| PB 0x00000000c2f00000| Untracked 
|  38|0x00000000c3000000, 0x00000000c3000000, 0x00000000c3100000|  0%| F|  |TAMS 0x00000000c3000000| PB 0x00000000c3000000| Untracked 
|  39|0x00000000c3100000, 0x00000000c3100000, 0x00000000c3200000|  0%| F|  |TAMS 0x00000000c3100000| PB 0x00000000c3100000| Untracked 
|  40|0x00000000c3200000, 0x00000000c3200000, 0x00000000c3300000|  0%| F|  |TAMS 0x00000000c3200000| PB 0x00000000c3200000| Untracked 
|  41|0x00000000c3300000, 0x00000000c3300000, 0x00000000c3400000|  0%| F|  |TAMS 0x00000000c3300000| PB 0x00000000c3300000| Untracked 
|  42|0x00000000c3400000, 0x00000000c3400000, 0x00000000c3500000|  0%| F|  |TAMS 0x00000000c3400000| PB 0x00000000c3400000| Untracked 
|  43|0x00000000c3500000, 0x00000000c3500000, 0x00000000c3600000|  0%| F|  |TAMS 0x00000000c3500000| PB 0x00000000c3500000| Untracked 
|  44|0x00000000c3600000, 0x00000000c3600000, 0x00000000c3700000|  0%| F|  |TAMS 0x00000000c3600000| PB 0x00000000c3600000| Untracked 
|  45|0x00000000c3700000, 0x00000000c3700000, 0x00000000c3800000|  0%| F|  |TAMS 0x00000000c3700000| PB 0x00000000c3700000| Untracked 
|  46|0x00000000c3800000, 0x00000000c3800000, 0x00000000c3900000|  0%| F|  |TAMS 0x00000000c3800000| PB 0x00000000c3800000| Untracked 
|  47|0x00000000c3900000, 0x00000000c3900000, 0x00000000c3a00000|  0%| F|  |TAMS 0x00000000c3900000| PB 0x00000000c3900000| Untracked 
|  48|0x00000000c3a00000, 0x00000000c3a00000, 0x00000000c3b00000|  0%| F|  |TAMS 0x00000000c3a00000| PB 0x00000000c3a00000| Untracked 
|  49|0x00000000c3b00000, 0x00000000c3b00000, 0x00000000c3c00000|  0%| F|  |TAMS 0x00000000c3b00000| PB 0x00000000c3b00000| Untracked 
|  50|0x00000000c3c00000, 0x00000000c3c00000, 0x00000000c3d00000|  0%| F|  |TAMS 0x00000000c3c00000| PB 0x00000000c3c00000| Untracked 
|  51|0x00000000c3d00000, 0x00000000c3d00000, 0x00000000c3e00000|  0%| F|  |TAMS 0x00000000c3d00000| PB 0x00000000c3d00000| Untracked 
|  52|0x00000000c3e00000, 0x00000000c3e00000, 0x00000000c3f00000|  0%| F|  |TAMS 0x00000000c3e00000| PB 0x00000000c3e00000| Untracked 
|  53|0x00000000c3f00000, 0x00000000c3f00000, 0x00000000c4000000|  0%| F|  |TAMS 0x00000000c3f00000| PB 0x00000000c3f00000| Untracked 
|  54|0x00000000c4000000, 0x00000000c4000000, 0x00000000c4100000|  0%| F|  |TAMS 0x00000000c4000000| PB 0x00000000c4000000| Untracked 
|  55|0x00000000c4100000, 0x00000000c4100000, 0x00000000c4200000|  0%| F|  |TAMS 0x00000000c4100000| PB 0x00000000c4100000| Untracked 
|  56|0x00000000c4200000, 0x00000000c4200000, 0x00000000c4300000|  0%| F|  |TAMS 0x00000000c4200000| PB 0x00000000c4200000| Untracked 
|  57|0x00000000c4300000, 0x00000000c4300000, 0x00000000c4400000|  0%| F|  |TAMS 0x00000000c4300000| PB 0x00000000c4300000| Untracked 
|  58|0x00000000c4400000, 0x00000000c4400000, 0x00000000c4500000|  0%| F|  |TAMS 0x00000000c4400000| PB 0x00000000c4400000| Untracked 
|  59|0x00000000c4500000, 0x00000000c4500000, 0x00000000c4600000|  0%| F|  |TAMS 0x00000000c4500000| PB 0x00000000c4500000| Untracked 
|  60|0x00000000c4600000, 0x00000000c4600000, 0x00000000c4700000|  0%| F|  |TAMS 0x00000000c4600000| PB 0x00000000c4600000| Untracked 
|  61|0x00000000c4700000, 0x00000000c4743110, 0x00000000c4800000| 26%| E|  |TAMS 0x00000000c4700000| PB 0x00000000c4700000| Complete 
|  62|0x00000000c4800000, 0x00000000c4900000, 0x00000000c4900000|100%| E|CS|TAMS 0x00000000c4800000| PB 0x00000000c4800000| Complete 
|  63|0x00000000c4900000, 0x00000000c4a00000, 0x00000000c4a00000|100%| E|CS|TAMS 0x00000000c4900000| PB 0x00000000c4900000| Complete 

Card table byte_map: [0x000002217f840000,0x000002217fa40000] _byte_map_base: 0x000002217f23b000

Marking Bits: (CMBitMap*) 0x00000221667bd380
 Bits: [0x0000022100000000, 0x0000022100fd8000)

Polling page: 0x0000022166850000

Metaspace:

Usage:
  Non-class:    323.07 KB used.
      Class:     25.16 KB used.
       Both:    348.23 KB used.

Virtual space:
  Non-class space:       64.00 MB reserved,     384.00 KB ( <1%) committed,  1 nodes.
      Class space:        1.00 GB reserved,     128.00 KB ( <1%) committed,  1 nodes.
             Both:        1.06 GB reserved,     512.00 KB ( <1%) committed. 

Chunk freelists:
   Non-Class:  3.99 MB
       Class:  3.75 MB
        Both:  7.74 MB

MaxMetaspaceSize: unlimited
CompressedClassSpaceSize: 1.00 GB
Initial GC threshold: 21.00 MB
Current GC threshold: 21.00 MB
CDS: on
MetaspaceReclaimPolicy: balanced
 - commit_granule_bytes: 65536.
 - commit_granule_words: 8192.
 - virtual_space_node_default_size: 8388608.
 - enlarge_chunks_in_place: 1.
 - new_chunks_are_fully_committed: 0.
 - uncommit_free_chunks: 1.
 - use_allocation_guard: 0.


Internal statistics:

num_allocs_failed_limit: 0.
num_arena_births: 8.
num_arena_deaths: 0.
num_vsnodes_births: 2.
num_vsnodes_deaths: 0.
num_space_committed: 8.
num_space_uncommitted: 0.
num_chunks_returned_to_freelist: 0.
num_chunks_taken_from_freelist: 8.
num_chunk_merges: 0.
num_chunk_splits: 4.
num_chunks_enlarged: 2.
num_inconsistent_stats: 0.

CodeHeap 'non-profiled nmethods': size=120000Kb used=64Kb max_used=64Kb free=119935Kb
 bounds [0x0000022177af0000, 0x0000022177d60000, 0x000002217f020000]
CodeHeap 'profiled nmethods': size=120000Kb used=176Kb max_used=176Kb free=119823Kb
 bounds [0x0000022170020000, 0x0000022170290000, 0x0000022177550000]
CodeHeap 'non-nmethods': size=5760Kb used=1321Kb max_used=1337Kb free=4439Kb
 bounds [0x0000022177550000, 0x00000221777c0000, 0x0000022177af0000]
 total_blobs=559 nmethods=181 adapters=289
 compilation: enabled
              stopped_count=0, restarted_count=0
 full_count=0

Compilation events (20 events):
Event: 0.086 Thread 0x0000022103276dd0  171       3       java.util.Optional::ofNullable (19 bytes)
Event: 0.086 Thread 0x0000022103276dd0 nmethod 171 0x0000022170049d10 code [0x0000022170049ea0, 0x000002217004a160]
Event: 0.086 Thread 0x0000022103276dd0  173       3       java.lang.module.ResolvedModule::name (11 bytes)
Event: 0.086 Thread 0x0000022103276dd0 nmethod 173 0x000002217004a290 code [0x000002217004a420, 0x000002217004a580]
Event: 0.086 Thread 0x0000022103276dd0  174       3       java.util.HashSet::<init> (16 bytes)
Event: 0.087 Thread 0x0000022103276dd0 nmethod 174 0x000002217004a690 code [0x000002217004a840, 0x000002217004ac50]
Event: 0.087 Thread 0x0000022103276dd0  172       1       java.lang.module.ModuleDescriptor$Version::toString (5 bytes)
Event: 0.087 Thread 0x0000022103276dd0 nmethod 172 0x0000022177afdd90 code [0x0000022177afdf00, 0x0000022177afdfc8]
Event: 0.087 Thread 0x0000022103276dd0  175       1       java.lang.module.ResolvedModule::configuration (5 bytes)
Event: 0.087 Thread 0x0000022103276dd0 nmethod 175 0x0000022177afe090 code [0x0000022177afe200, 0x0000022177afe2c8]
Event: 0.087 Thread 0x0000022103276dd0  176       1       java.lang.module.ModuleDescriptor::isOpen (5 bytes)
Event: 0.087 Thread 0x0000022103276dd0 nmethod 176 0x0000022177afe390 code [0x0000022177afe500, 0x0000022177afe5d0]
Event: 0.088 Thread 0x0000022103276dd0  177       1       java.util.HashMap::size (5 bytes)
Event: 0.088 Thread 0x0000022103276dd0 nmethod 177 0x0000022177afe690 code [0x0000022177afe800, 0x0000022177afe8c8]
Event: 0.091 Thread 0x0000022103276dd0  179       3       java.lang.StringBuilder::append (8 bytes)
Event: 0.091 Thread 0x0000022103276dd0 nmethod 179 0x000002217004ae10 code [0x000002217004afa0, 0x000002217004b0e8]
Event: 0.091 Thread 0x0000022103276dd0  180       3       java.lang.AbstractStringBuilder::append (77 bytes)
Event: 0.091 Thread 0x0000022103276dd0 nmethod 180 0x000002217004b190 code [0x000002217004b380, 0x000002217004ba70]
Event: 0.092 Thread 0x0000022103276dd0  181       3       java.lang.String::checkBoundsBeginEnd (11 bytes)
Event: 0.092 Thread 0x0000022103276dd0 nmethod 181 0x000002217004bd10 code [0x000002217004bec0, 0x000002217004c108]

GC Heap History (0 events):
No events

Dll operation events (4 events):
Event: 0.008 Loaded shared library C:\Program Files\Java\jdk-20\bin\java.dll
Event: 0.018 Loaded shared library C:\Program Files\Java\jdk-20\bin\jsvml.dll
Event: 0.069 Loaded shared library C:\Program Files\Java\jdk-20\bin\net.dll
Event: 0.072 Loaded shared library C:\Program Files\Java\jdk-20\bin\nio.dll

Deoptimization events (0 events):
No events

Classes loaded (20 events):
Event: 0.075 Loading class sun/nio/fs/WindowsChannelFactory$1 done
Event: 0.075 Loading class sun/nio/fs/WindowsChannelFactory$Flags
Event: 0.075 Loading class sun/nio/fs/WindowsChannelFactory$Flags done
Event: 0.077 Loading class jdk/internal/module/ModuleReferenceImpl$CachedHash
Event: 0.077 Loading class jdk/internal/module/ModuleReferenceImpl$CachedHash done
Event: 0.090 Loading class jdk/internal/loader/URLClassPath$FileLoader
Event: 0.090 Loading class jdk/internal/loader/URLClassPath$FileLoader done
Event: 0.090 Loading class sun/nio/cs/UTF_8$Decoder
Event: 0.090 Loading class sun/nio/cs/UTF_8$Decoder done
Event: 0.092 Loading class jdk/internal/loader/URLClassPath$FileLoader$1
Event: 0.092 Loading class jdk/internal/loader/URLClassPath$FileLoader$1 done
Event: 0.094 Loading class javax/swing/JFrame
Event: 0.094 Loading class javax/swing/WindowConstants
Event: 0.094 Loading class javax/swing/WindowConstants done
Event: 0.094 Loading class javax/accessibility/Accessible
Event: 0.094 Loading class javax/accessibility/Accessible done
Event: 0.094 Loading class javax/swing/RootPaneContainer
Event: 0.094 Loading class javax/swing/RootPaneContainer done
Event: 0.094 Loading class javax/swing/TransferHandler$HasGetTransferHandler
Event: 0.094 Loading class javax/swing/TransferHandler$HasGetTransferHandler done

Classes unloaded (0 events):
No events

Classes redefined (0 events):
No events

Internal exceptions (3 events):
Event: 0.073 Thread 0x000002216677c1b0 Exception <a 'sun/nio/fs/WindowsException'{0x00000000c483eb80}> (0x00000000c483eb80) 
thrown [s\open\src\hotspot\share\prims\jni.cpp, line 519]
Event: 0.075 Thread 0x000002216677c1b0 Exception <a 'sun/nio/fs/WindowsException'{0x00000000c48411b8}> (0x00000000c48411b8) 
thrown [s\open\src\hotspot\share\prims\jni.cpp, line 519]
Event: 0.075 Thread 0x000002216677c1b0 Exception <a 'sun/nio/fs/WindowsException'{0x00000000c4841d20}> (0x00000000c4841d20) 
thrown [s\open\src\hotspot\share\prims\jni.cpp, line 519]

VM Operations (2 events):
Event: 0.076 Executing VM operation: HandshakeAllThreads
Event: 0.076 Executing VM operation: HandshakeAllThreads done

Events (11 events):
Event: 0.019 Thread 0x000002216677c1b0 Thread added: 0x000002216677c1b0
Event: 0.033 Thread 0x000002210325dbd0 Thread added: 0x000002210325dbd0
Event: 0.034 Thread 0x000002210325e7b0 Thread added: 0x000002210325e7b0
Event: 0.034 Thread 0x00000221032656f0 Thread added: 0x00000221032656f0
Event: 0.034 Thread 0x0000022103266030 Thread added: 0x0000022103266030
Event: 0.034 Thread 0x0000022103266970 Thread added: 0x0000022103266970
Event: 0.034 Thread 0x000002210326a7b0 Thread added: 0x000002210326a7b0
Event: 0.034 Thread 0x000002210326c430 Thread added: 0x000002210326c430
Event: 0.035 Thread 0x0000022103276dd0 Thread added: 0x0000022103276dd0
Event: 0.059 Thread 0x0000022103228db0 Thread added: 0x0000022103228db0
Event: 0.089 Thread 0x0000022107531a60 Thread added: 0x0000022107531a60


Dynamic libraries:
0x00007ff67a610000 - 0x00007ff67a620000 	C:\Program Files\Java\jdk-20\bin\java.exe
0x00007ffc18a40000 - 0x00007ffc18c49000 	C:\Windows\SYSTEM32\ntdll.dll
0x00007ffc172a0000 - 0x00007ffc1735e000 	C:\Windows\System32\KERNEL32.DLL
0x00007ffc162e0000 - 0x00007ffc1665c000 	C:\Windows\System32\KERNELBASE.dll
0x00007ffc16030000 - 0x00007ffc16141000 	C:\Windows\System32\ucrtbase.dll
0x00007ffc006a0000 - 0x00007ffc006bb000 	C:\Program Files\Java\jdk-20\bin\VCRUNTIME140.dll
0x00007ffc114c0000 - 0x00007ffc114d9000 	C:\Program Files\Java\jdk-20\bin\jli.dll
0x00007ffc16da0000 - 0x00007ffc16e4e000 	C:\Windows\System32\ADVAPI32.dll
0x00007ffc17830000 - 0x00007ffc178d3000 	C:\Windows\System32\msvcrt.dll
0x00007ffc17530000 - 0x00007ffc175ce000 	C:\Windows\System32\sechost.dll
0x00007ffc17100000 - 0x00007ffc17220000 	C:\Windows\System32\RPCRT4.dll
0x00007ffc17360000 - 0x00007ffc1750d000 	C:\Windows\System32\USER32.dll
0x00007ffc16720000 - 0x00007ffc16746000 	C:\Windows\System32\win32u.dll
0x00007ffc0ed00000 - 0x00007ffc0efa5000 	C:\Windows\WinSxS\amd64_microsoft.windows.common-controls_6595b64144ccf1df_6.0.22000.120_none_9d947278b86cc467\COMCTL32.dll
0x00007ffc189d0000 - 0x00007ffc189f9000 	C:\Windows\System32\GDI32.dll
0x00007ffc161c0000 - 0x00007ffc162d8000 	C:\Windows\System32\gdi32full.dll
0x00007ffc15f10000 - 0x00007ffc15fad000 	C:\Windows\System32\msvcp_win.dll
0x00007ffc0ffe0000 - 0x00007ffc0ffea000 	C:\Windows\SYSTEM32\VERSION.dll
0x00007ffc17c90000 - 0x00007ffc17cc1000 	C:\Windows\System32\IMM32.DLL
0x00007ffc00690000 - 0x00007ffc0069c000 	C:\Program Files\Java\jdk-20\bin\vcruntime140_1.dll
0x00007ffbf3a70000 - 0x00007ffbf3afe000 	C:\Program Files\Java\jdk-20\bin\msvcp140.dll
0x00007ffbdd2c0000 - 0x00007ffbddf57000 	C:\Program Files\Java\jdk-20\bin\server\jvm.dll
0x00007ffc066b0000 - 0x00007ffc066b9000 	C:\Windows\SYSTEM32\WSOCK32.dll
0x00007ffc0ffa0000 - 0x00007ffc0ffd3000 	C:\Windows\SYSTEM32\WINMM.dll
0x00007ffc17640000 - 0x00007ffc176af000 	C:\Windows\System32\WS2_32.dll
0x00007ffc14f90000 - 0x00007ffc14fa8000 	C:\Windows\SYSTEM32\kernel.appcore.dll
0x00007ffc00230000 - 0x00007ffc0023a000 	C:\Program Files\Java\jdk-20\bin\jimage.dll
0x00007ffc05ff0000 - 0x00007ffc06211000 	C:\Windows\SYSTEM32\DBGHELP.DLL
0x00007ffc05ec0000 - 0x00007ffc05ef1000 	C:\Windows\SYSTEM32\dbgcore.DLL
0x00007ffc15fb0000 - 0x00007ffc1602f000 	C:\Windows\System32\bcryptPrimitives.dll
0x00007ffc00660000 - 0x00007ffc00686000 	C:\Program Files\Java\jdk-20\bin\java.dll
0x00007ffbf5ca0000 - 0x00007ffbf5d77000 	C:\Program Files\Java\jdk-20\bin\jsvml.dll
0x00007ffc18200000 - 0x00007ffc189c5000 	C:\Windows\System32\SHELL32.dll
0x00007ffc14000000 - 0x00007ffc14865000 	C:\Windows\SYSTEM32\windows.storage.dll
0x00007ffc17cd0000 - 0x00007ffc18046000 	C:\Windows\System32\combase.dll
0x00007ffc13e90000 - 0x00007ffc13ff6000 	C:\Windows\SYSTEM32\wintypes.dll
0x00007ffc17a00000 - 0x00007ffc17aea000 	C:\Windows\System32\SHCORE.dll
0x00007ffc168d0000 - 0x00007ffc1692d000 	C:\Windows\System32\shlwapi.dll
0x00007ffc15e40000 - 0x00007ffc15e61000 	C:\Windows\SYSTEM32\profapi.dll
0x00007ffbfb2d0000 - 0x00007ffbfb2e3000 	C:\Program Files\Java\jdk-20\bin\net.dll
0x00007ffc11140000 - 0x00007ffc11252000 	C:\Windows\SYSTEM32\WINHTTP.dll
0x00007ffc15430000 - 0x00007ffc15497000 	C:\Windows\system32\mswsock.dll
0x00007ffbf8010000 - 0x00007ffbf8026000 	C:\Program Files\Java\jdk-20\bin\nio.dll

dbghelp: loaded successfully - version: 4.0.5 - missing functions: none
symbol engine: initialized successfully - sym options: 0x614 - pdb path: .;C:\Program Files\Java\jdk-20\bin;C:\Windows\SYSTEM32;C:\Windows\WinSxS\amd64_microsoft.windows.common-controls_6595b64144ccf1df_6.0.22000.120_none_9d947278b86cc467;C:\Program Files\Java\jdk-20\bin\server

VM Arguments:
jvm_args: -Dfile.encoding=UTF-8 --module-path=C:\Users\Khushbul\Documents\NetBeansProjects\bank management system Java\build\classes 
java_command: bank.management.system.SignupOne
java_class_path (initial): C:\Users\Khushbul\Documents\NetBeansProjects\bank management system Java\build\classes
Launcher Type: SUN_STANDARD

[Global flags]
     intx CICompilerCount                          = 3                                         {product} {ergonomic}
     uint ConcGCThreads                            = 1                                         {product} {ergonomic}
     uint G1ConcRefinementThreads                  = 4                                         {product} {ergonomic}
   size_t G1HeapRegionSize                         = 1048576                                   {product} {ergonomic}
    uintx GCDrainStackTargetSize                   = 64                                        {product} {ergonomic}
   size_t InitialHeapSize                          = 67108864                                  {product} {ergonomic}
   size_t MarkStackSize                            = 4194304                                   {product} {ergonomic}
   size_t MaxHeapSize                              = 1063256064                                {product} {ergonomic}
   size_t MaxNewSize                               = 637534208                                 {product} {ergonomic}
   size_t MinHeapDeltaBytes                        = 1048576                                   {product} {ergonomic}
   size_t MinHeapSize                              = 8388608                                   {product} {ergonomic}
    uintx NonNMethodCodeHeapSize                   = 5832780                                {pd product} {ergonomic}
    uintx NonProfiledCodeHeapSize                  = 122912730                              {pd product} {ergonomic}
    uintx ProfiledCodeHeapSize                     = 122912730                              {pd product} {ergonomic}
    uintx ReservedCodeCacheSize                    = 251658240                              {pd product} {ergonomic}
     bool SegmentedCodeCache                       = true                                      {product} {ergonomic}
   size_t SoftMaxHeapSize                          = 1063256064                             {manageable} {ergonomic}
     bool UseCompressedClassPointers               = true                           {product lp64_product} {ergonomic}
     bool UseCompressedOops                        = true                           {product lp64_product} {ergonomic}
     bool UseG1GC                                  = true                                      {product} {ergonomic}
     bool UseLargePagesIndividualAllocation        = false                                  {pd product} {ergonomic}

Logging:
Log output configuration:
 #0: stdout all=warning uptime,level,tags foldmultilines=false
 #1: stderr all=off uptime,level,tags foldmultilines=false

Environment Variables:
PATH=C:\Program Files\Common Files\Oracle\Java\javapath;C:\Program Files (x86)\NVIDIA Corporation\PhysX\Common;C:\Program Files (x86)\Common Files\Oracle\Java\javapath;C:\ProgramData\Oracle\Java\javapath;C:\Windows\system32;C:\Windows;C:\Windows\System32\Wbem;C:\Windows\System32\WindowsPowerShell\v1.0\;C:\Windows\System32\OpenSSH\;C:\Users\Khushbul\AppData\Local\Microsoft\WindowsApps;C:\adb;C:\Program Files\Java\jdk-20\bin;C:\Program Files\MySQL\MySQL Shell 8.0\bin\;C:\Users\Khushbul\AppData\Local\Microsoft\WindowsApps;
USERNAME=Khushbul
OS=Windows_NT
PROCESSOR_IDENTIFIER=Intel64 Family 6 Model 60 Stepping 3, GenuineIntel
TMP=C:\Users\Khushbul\AppData\Local\Temp
TEMP=C:\Users\Khushbul\AppData\Local\Temp




---------------  S Y S T E M  ---------------

OS:
 Windows 11 , 64 bit Build 22000 (10.0.22000.1516)
OS uptime: 0 days 7:46 hours

CPU: total 4 (initial active 4) (2 cores per cpu, 2 threads per core) family 6 model 60 stepping 3 microcode 0x28, cx8, cmov, fxsr, ht, mmx, sse, sse2, sse3, ssse3, sse4.1, sse4.2, popcnt, lzcnt, tsc, tscinvbit, avx, avx2, aes, erms, clmul, bmi1, bmi2, fma, vzeroupper, clflush, rdtscp, f16c

Memory: 4k page, system-wide physical 4054M (295M free)
TotalPageFile size 16342M (AvailPageFile size 4M)
current process WorkingSet (physical memory assigned to process): 32M, peak: 32M
current process commit charge ("private bytes"): 135M, peak: 135M

vm_info: Java HotSpot(TM) 64-Bit Server VM (20+36-2344) for windows-amd64 JRE (20+36-2344), built on 2023-02-10T19:30:15Z by "mach5one" with MS VC++ 17.1 (VS2022)

END.
