#
# There is insufficient memory for the Java Runtime Environment to continue.
# Native memory allocation (mmap) failed to map 67108864 bytes for G1 virtual space
# Possible reasons:
#   The system is out of physical RAM or swap space
#   The process is running with CompressedOops enabled, and the Java Heap may be blocking the growth of the native heap
# Possible solutions:
#   Reduce memory load on the system
#   Increase physical memory or swap space
#   Check if swap backing store is full
#   Decrease Java heap size (-Xmx/-Xms)
#   Decrease number of Java threads
#   Decrease Java thread stack sizes (-Xss)
#   Set larger code cache with -XX:ReservedCodeCacheSize=
#   JVM is running with Unscaled Compressed Oops mode in which the Java heap is
#     placed in the first 4GB address space. The Java Heap base address is the
#     maximum limit for the native heap growth. Please use -XX:HeapBaseMinAddress
#     to set the Java Heap base and to place the Java Heap above 4GB virtual address.
# This output file may be truncated or incomplete.
#
#  Out of Memory Error (os_windows.cpp:3528), pid=3724, tid=17664
#
# JRE version:  (20.0+36) (build )
# Java VM: Java HotSpot(TM) 64-Bit Server VM (20+36-2344, mixed mode, sharing, tiered, compressed oops, compressed class ptrs, g1 gc, windows-amd64)
# No core dump will be written. Minidumps are not enabled by default on client versions of Windows
#

---------------  S U M M A R Y ------------

Command Line: -Dfile.encoding=UTF-8 --module-path=C:\Users\Khushbul\Documents\NetBeansProjects\bank management system Java\build\classes bank.management.system.SignupOne

Host: Intel(R) Core(TM) i3-4130 CPU @ 3.40GHz, 4 cores, 3G,  Windows 11 , 64 bit Build 22000 (10.0.22000.1516)
Time: Sat Mar 25 21:29:05 2023 Bangladesh Standard Time elapsed time: 0.016771 seconds (0d 0h 0m 0s)

---------------  T H R E A D  ---------------

Current thread (0x000002b73b08c850):  JavaThread "Unknown thread" [_thread_in_vm, id=17664, stack(0x000000d012e00000,0x000000d012f00000)]

Stack: [0x000000d012e00000,0x000000d012f00000]
Native frames: (J=compiled Java code, j=interpreted, Vv=VM code, C=native code)
V  [jvm.dll+0x6bb95a]
V  [jvm.dll+0x8483aa]
V  [jvm.dll+0x849fa5]
V  [jvm.dll+0x84a6a3]
V  [jvm.dll+0x280b0f]
V  [jvm.dll+0x6b86e9]
V  [jvm.dll+0x6ad2da]
V  [jvm.dll+0x35adf5]
V  [jvm.dll+0x363016]
V  [jvm.dll+0x3b3b3e]
V  [jvm.dll+0x3b3dc5]
V  [jvm.dll+0x32b50a]
V  [jvm.dll+0x32c32b]
V  [jvm.dll+0x81106f]
V  [jvm.dll+0x3c0d91]
V  [jvm.dll+0x7fcd93]
V  [jvm.dll+0x44c76f]
V  [jvm.dll+0x44e0e1]
C  [jli.dll+0x5287]
C  [ucrtbase.dll+0x26c0c]
C  [KERNEL32.DLL+0x155a0]
C  [ntdll.dll+0x485b]


---------------  P R O C E S S  ---------------

Threads class SMR info:
_java_thread_list=0x00007ffbdde1a098, length=0, elements={
}

Java Threads: ( => current thread )

Other Threads:
  0x000002b73b0ce500 WorkerThread "GC Thread#0" [stack: 0x000000d012f00000,0x000000d013000000] [id=8700]
  0x000002b73b0d74e0 ConcurrentGCThread "G1 Main Marker" [stack: 0x000000d013000000,0x000000d013100000] [id=16664]
  0x000002b73b0d85c0 WorkerThread "G1 Conc#0" [stack: 0x000000d013100000,0x000000d013200000] [id=16616]

[error occurred during error reporting (printing all threads), id 0xc0000005, EXCEPTION_ACCESS_VIOLATION (0xc0000005) at pc=0x00007ffbdd5feb47]
VM state: not at safepoint (not fully initialized)

VM Mutex/Monitor currently owned by a thread:  ([mutex/lock_event])
[0x000002b73b089150] Heap_lock - owner thread: 0x000002b73b08c850

Heap address: 0x00000000c0a00000, size: 1014 MB, Compressed Oops mode: 32-bit

CDS archive(s) mapped at: [0x0000000000000000-0x0000000000000000-0x0000000000000000), size 0, SharedBaseAddress: 0x0000000800000000, ArchiveRelocationMode: 0.
Narrow klass base: 0x0000000000000000, Narrow klass shift: 0, Narrow klass range: 0x0

GC Precious Log:
 CardTable entry size: 512
 Card Set container configuration: InlinePtr #cards 5 size 8 Array Of Cards #cards 12 size 40 Howl #buckets 4 coarsen threshold 1843 Howl Bitmap #cards 512 size 80 coarsen threshold 460 Card regions per heap region 1 cards per card region 2048

Heap:
 garbage-first heap   total 0K, used 0K [0x00000000c0a00000, 0x0000000100000000)
  region size 1024K, 0 young (0K), 0 survivors (0K)

[error occurred during error reporting (printing heap information), id 0xc0000005, EXCEPTION_ACCESS_VIOLATION (0xc0000005) at pc=0x00007ffbdd9d3c59]
GC Heap History (0 events):
No events

Dll operation events (1 events):
Event: 0.006 Loaded shared library C:\Program Files\Java\jdk-20\bin\java.dll

Deoptimization events (0 events):
No events

Classes loaded (0 events):
No events

Classes unloaded (0 events):
No events

Classes redefined (0 events):
No events

Internal exceptions (0 events):
No events

VM Operations (0 events):
No events

Events (0 events):
No events


Dynamic libraries:
0x00007ff67a610000 - 0x00007ff67a620000 	C:\Program Files\Java\jdk-20\bin\java.exe
0x00007ffc18a40000 - 0x00007ffc18c49000 	C:\Windows\SYSTEM32\ntdll.dll
0x00007ffc172a0000 - 0x00007ffc1735e000 	C:\Windows\System32\KERNEL32.DLL
0x00007ffc162e0000 - 0x00007ffc1665c000 	C:\Windows\System32\KERNELBASE.dll
0x00007ffc16030000 - 0x00007ffc16141000 	C:\Windows\System32\ucrtbase.dll
0x00007ffc006a0000 - 0x00007ffc006bb000 	C:\Program Files\Java\jdk-20\bin\VCRUNTIME140.dll
0x00007ffc114c0000 - 0x00007ffc114d9000 	C:\Program Files\Java\jdk-20\bin\jli.dll
0x00007ffc16da0000 - 0x00007ffc16e4e000 	C:\Windows\System32\ADVAPI32.dll
0x00007ffc17830000 - 0x00007ffc178d3000 	C:\Windows\System32\msvcrt.dll
0x00007ffc17530000 - 0x00007ffc175ce000 	C:\Windows\System32\sechost.dll
0x00007ffc17100000 - 0x00007ffc17220000 	C:\Windows\System32\RPCRT4.dll
0x00007ffc17360000 - 0x00007ffc1750d000 	C:\Windows\System32\USER32.dll
0x00007ffc0ed00000 - 0x00007ffc0efa5000 	C:\Windows\WinSxS\amd64_microsoft.windows.common-controls_6595b64144ccf1df_6.0.22000.120_none_9d947278b86cc467\COMCTL32.dll
0x00007ffc16720000 - 0x00007ffc16746000 	C:\Windows\System32\win32u.dll
0x00007ffc189d0000 - 0x00007ffc189f9000 	C:\Windows\System32\GDI32.dll
0x00007ffc161c0000 - 0x00007ffc162d8000 	C:\Windows\System32\gdi32full.dll
0x00007ffc15f10000 - 0x00007ffc15fad000 	C:\Windows\System32\msvcp_win.dll
0x00007ffc0ffe0000 - 0x00007ffc0ffea000 	C:\Windows\SYSTEM32\VERSION.dll
0x00007ffc17c90000 - 0x00007ffc17cc1000 	C:\Windows\System32\IMM32.DLL
0x00007ffc00690000 - 0x00007ffc0069c000 	C:\Program Files\Java\jdk-20\bin\vcruntime140_1.dll
0x00007ffbf3a70000 - 0x00007ffbf3afe000 	C:\Program Files\Java\jdk-20\bin\msvcp140.dll
0x00007ffbdd2c0000 - 0x00007ffbddf57000 	C:\Program Files\Java\jdk-20\bin\server\jvm.dll
0x00007ffc0ffa0000 - 0x00007ffc0ffd3000 	C:\Windows\SYSTEM32\WINMM.dll
0x00007ffc066b0000 - 0x00007ffc066b9000 	C:\Windows\SYSTEM32\WSOCK32.dll
0x00007ffc17640000 - 0x00007ffc176af000 	C:\Windows\System32\WS2_32.dll
0x00007ffc14f90000 - 0x00007ffc14fa8000 	C:\Windows\SYSTEM32\kernel.appcore.dll
0x00007ffc00230000 - 0x00007ffc0023a000 	C:\Program Files\Java\jdk-20\bin\jimage.dll
0x00007ffc05ff0000 - 0x00007ffc06211000 	C:\Windows\SYSTEM32\DBGHELP.DLL
0x00007ffc05ec0000 - 0x00007ffc05ef1000 	C:\Windows\SYSTEM32\dbgcore.DLL
0x00007ffc15fb0000 - 0x00007ffc1602f000 	C:\Windows\System32\bcryptPrimitives.dll
0x00007ffc00660000 - 0x00007ffc00686000 	C:\Program Files\Java\jdk-20\bin\java.dll

dbghelp: loaded successfully - version: 4.0.5 - missing functions: none
symbol engine: initialized successfully - sym options: 0x614 - pdb path: .;C:\Program Files\Java\jdk-20\bin;C:\Windows\SYSTEM32;C:\Windows\WinSxS\amd64_microsoft.windows.common-controls_6595b64144ccf1df_6.0.22000.120_none_9d947278b86cc467;C:\Program Files\Java\jdk-20\bin\server

VM Arguments:
jvm_args: -Dfile.encoding=UTF-8 --module-path=C:\Users\Khushbul\Documents\NetBeansProjects\bank management system Java\build\classes 
java_command: bank.management.system.SignupOne
java_class_path (initial): C:\Users\Khushbul\Documents\NetBeansProjects\bank management system Java\build\classes
Launcher Type: SUN_STANDARD

[Global flags]
     intx CICompilerCount                          = 3                                         {product} {ergonomic}
     uint ConcGCThreads                            = 1                                         {product} {ergonomic}
     uint G1ConcRefinementThreads                  = 4                                         {product} {ergonomic}
   size_t G1HeapRegionSize                         = 1048576                                   {product} {ergonomic}
    uintx GCDrainStackTargetSize                   = 64                                        {product} {ergonomic}
   size_t InitialHeapSize                          = 67108864                                  {product} {ergonomic}
   size_t MarkStackSize                            = 4194304                                   {product} {ergonomic}
   size_t MaxHeapSize                              = 1063256064                                {product} {ergonomic}
   size_t MinHeapDeltaBytes                        = 1048576                                   {product} {ergonomic}
   size_t MinHeapSize                              = 8388608                                   {product} {ergonomic}
    uintx NonNMethodCodeHeapSize                   = 5832780                                {pd product} {ergonomic}
    uintx NonProfiledCodeHeapSize                  = 122912730                              {pd product} {ergonomic}
    uintx ProfiledCodeHeapSize                     = 122912730                              {pd product} {ergonomic}
    uintx ReservedCodeCacheSize                    = 251658240                              {pd product} {ergonomic}
     bool SegmentedCodeCache                       = true                                      {product} {ergonomic}
   size_t SoftMaxHeapSize                          = 1063256064                             {manageable} {ergonomic}
     bool UseCompressedClassPointers               = true                           {product lp64_product} {ergonomic}
     bool UseCompressedOops                        = true                           {product lp64_product} {ergonomic}
     bool UseG1GC                                  = true                                      {product} {ergonomic}
     bool UseLargePagesIndividualAllocation        = false                                  {pd product} {ergonomic}

Logging:
Log output configuration:
 #0: stdout all=warning uptime,level,tags foldmultilines=false
 #1: stderr all=off uptime,level,tags foldmultilines=false

Environment Variables:
PATH=C:\Program Files\Common Files\Oracle\Java\javapath;C:\Program Files (x86)\NVIDIA Corporation\PhysX\Common;C:\Program Files (x86)\Common Files\Oracle\Java\javapath;C:\ProgramData\Oracle\Java\javapath;C:\Windows\system32;C:\Windows;C:\Windows\System32\Wbem;C:\Windows\System32\WindowsPowerShell\v1.0\;C:\Windows\System32\OpenSSH\;C:\Users\Khushbul\AppData\Local\Microsoft\WindowsApps;C:\adb;C:\Program Files\Java\jdk-20\bin;C:\Program Files\MySQL\MySQL Shell 8.0\bin\;C:\Users\Khushbul\AppData\Local\Microsoft\WindowsApps;
USERNAME=Khushbul
OS=Windows_NT
PROCESSOR_IDENTIFIER=Intel64 Family 6 Model 60 Stepping 3, GenuineIntel
TMP=C:\Users\Khushbul\AppData\Local\Temp
TEMP=C:\Users\Khushbul\AppData\Local\Temp




---------------  S Y S T E M  ---------------

OS:
 Windows 11 , 64 bit Build 22000 (10.0.22000.1516)
OS uptime: 0 days 7:46 hours

CPU: total 4 (initial active 4) (2 cores per cpu, 2 threads per core) family 6 model 60 stepping 3 microcode 0x28, cx8, cmov, fxsr, ht, mmx, sse, sse2, sse3, ssse3, sse4.1, sse4.2, popcnt, lzcnt, tsc, tscinvbit, avx, avx2, aes, erms, clmul, bmi1, bmi2, fma, vzeroupper, clflush, rdtscp, f16c

Memory: 4k page, system-wide physical 4054M (302M free)
TotalPageFile size 16342M (AvailPageFile size 8M)
current process WorkingSet (physical memory assigned to process): 10M, peak: 10M
current process commit charge ("private bytes"): 51M, peak: 115M

vm_info: Java HotSpot(TM) 64-Bit Server VM (20+36-2344) for windows-amd64 JRE (20+36-2344), built on 2023-02-10T19:30:15Z by "mach5one" with MS VC++ 17.1 (VS2022)

END.
